SF:lib\domain\usecases\tv\get_tv_detail.dart
DA:8,1
DA:9,1
DA:10,2
LF:3
LH:3
end_of_record
SF:lib\domain\entities\tv\tv.dart
DA:4,6
DA:20,0
DA:41,4
DA:42,4
DA:43,4
DA:45,4
DA:46,4
DA:47,4
DA:48,4
DA:49,4
DA:50,4
DA:51,4
DA:52,4
DA:53,4
DA:54,4
DA:55,4
LF:16
LH:15
end_of_record
SF:lib\domain\entities\tv\tv_detail.dart
DA:5,3
DA:58,1
DA:59,1
DA:61,1
DA:62,1
DA:63,1
DA:64,1
DA:65,1
DA:66,1
DA:67,1
DA:68,1
DA:69,1
DA:70,1
DA:72,1
DA:73,1
DA:74,1
DA:75,1
DA:76,1
DA:77,1
DA:78,1
DA:79,1
DA:80,1
DA:81,1
DA:82,1
DA:83,1
DA:84,1
LF:26
LH:26
end_of_record
SF:lib\domain\usecases\tv\get_now_playing_tv.dart
DA:7,1
DA:8,1
DA:9,2
LF:3
LH:3
end_of_record
SF:lib\domain\usecases\tv\get_popular_tv.dart
DA:8,1
DA:9,1
DA:10,2
LF:3
LH:3
end_of_record
SF:lib\domain\usecases\tv\get_tv_recommendations.dart
DA:8,1
DA:9,1
DA:10,2
LF:3
LH:3
end_of_record
SF:lib\domain\usecases\tv\get_top_rated_tv.dart
DA:8,1
DA:9,1
DA:10,2
LF:3
LH:3
end_of_record
SF:lib\presentation\bloc\now_playing_tv\now_playing_tv_bloc.dart
DA:13,1
DA:14,2
DA:15,2
DA:16,2
DA:18,3
DA:20,2
DA:21,3
DA:22,1
DA:23,1
DA:24,2
DA:25,2
LF:11
LH:11
end_of_record
SF:lib\presentation\bloc\now_playing_tv\now_playing_tv_state.dart
DA:7,1
DA:8,1
DA:12,1
DA:13,1
DA:18,2
DA:20,1
DA:21,2
DA:26,2
DA:28,1
DA:29,2
LF:10
LH:10
end_of_record
SF:lib\presentation\bloc\now_playing_tv\now_playing_tv_event.dart
DA:7,1
DA:8,1
LF:2
LH:2
end_of_record
SF:lib\presentation\bloc\popular_tv\popular_tvseries_bloc.dart
DA:13,1
DA:14,2
DA:15,2
DA:16,2
DA:18,3
DA:20,1
DA:21,4
DA:22,2
DA:23,2
DA:24,2
LF:10
LH:10
end_of_record
SF:lib\presentation\bloc\popular_tv\popular_tvseries_event.dart
DA:7,0
DA:8,0
LF:2
LH:0
end_of_record
SF:lib\presentation\bloc\popular_tv\popular_tvseries_state.dart
DA:7,1
DA:8,1
DA:12,1
DA:13,1
DA:18,3
DA:19,1
DA:20,2
DA:25,2
DA:26,1
DA:27,2
LF:10
LH:10
end_of_record
SF:lib\presentation\bloc\top_rated_tv\top_rated_tvseries_state.dart
DA:7,1
DA:8,1
DA:12,1
DA:13,1
DA:18,3
DA:19,1
DA:20,2
DA:25,2
DA:27,1
DA:28,2
LF:10
LH:10
end_of_record
SF:lib\presentation\bloc\top_rated_tv\top_rated_tvseries_bloc.dart
DA:13,1
DA:14,2
DA:15,2
DA:16,2
DA:17,3
DA:19,1
DA:20,4
DA:21,2
DA:22,2
DA:23,2
LF:10
LH:10
end_of_record
SF:lib\presentation\bloc\top_rated_tv\top_rated_tvseries_event.dart
DA:7,0
DA:8,0
LF:2
LH:0
end_of_record
SF:lib\presentation\bloc\detail_tv\tvseries_detail_bloc.dart
DA:13,3
DA:14,2
DA:15,1
DA:17,2
DA:19,3
DA:21,5
DA:22,3
LF:7
LH:7
end_of_record
SF:lib\presentation\bloc\detail_tv\tvseries_detail_event.dart
DA:9,2
DA:10,1
DA:11,2
LF:3
LH:3
end_of_record
SF:lib\presentation\bloc\detail_tv\tvseries_detail_state.dart
DA:7,1
DA:8,1
DA:12,1
DA:13,1
DA:19,1
DA:20,1
DA:21,2
DA:27,2
DA:28,1
DA:29,2
LF:10
LH:10
end_of_record
SF:lib\presentation\bloc\tv_recommendations\tvseries_recommendations_event.dart
DA:9,2
DA:11,0
DA:12,0
LF:3
LH:1
end_of_record
SF:lib\presentation\bloc\tv_recommendations\tvseries_recommendations_state.dart
DA:7,1
DA:8,1
DA:12,1
DA:13,1
DA:18,1
DA:19,1
DA:20,2
DA:25,2
DA:26,1
DA:27,2
LF:10
LH:10
end_of_record
SF:lib\presentation\bloc\tv_recommendations\tvseries_recommendations_bloc.dart
DA:13,1
DA:14,2
DA:15,2
DA:16,1
DA:18,2
DA:20,3
DA:22,1
DA:23,4
DA:24,2
DA:25,2
DA:26,2
LF:11
LH:11
end_of_record
SF:lib\presentation\pages\tv_page_popular.dart
DA:9,1
DA:11,1
DA:12,1
DA:16,1
DA:18,1
DA:19,2
DA:20,4
DA:23,1
DA:25,1
DA:26,1
DA:29,1
DA:31,1
DA:32,1
DA:33,1
DA:37,1
DA:38,0
DA:39,0
DA:40,0
DA:41,0
DA:42,0
DA:44,0
DA:47,1
DA:49,2
LF:23
LH:17
end_of_record
SF:lib\presentation\pages\tv_page_detail.dart
DA:17,1
DA:19,1
DA:20,1
DA:24,1
DA:26,1
DA:27,2
DA:28,6
DA:29,1
DA:30,1
DA:31,4
DA:32,1
DA:33,1
DA:34,4
DA:38,1
DA:41,2
DA:42,2
DA:43,2
DA:48,1
DA:50,1
DA:51,1
DA:52,1
DA:56,1
DA:57,1
DA:58,1
DA:59,1
DA:78,1
DA:79,1
DA:81,1
DA:82,1
DA:86,1
DA:88,3
DA:89,1
DA:90,1
DA:91,1
DA:93,4
DA:95,1
DA:98,0
DA:100,1
DA:102,1
DA:103,1
DA:104,1
DA:116,1
DA:117,1
DA:118,1
DA:120,1
DA:122,1
DA:124,1
DA:125,1
DA:126,3
DA:127,1
DA:129,1
DA:130,0
DA:131,0
DA:132,0
DA:133,0
DA:135,0
DA:136,0
DA:137,0
DA:147,0
DA:149,0
DA:151,0
DA:152,0
DA:153,0
DA:157,0
DA:161,0
DA:162,0
DA:163,0
DA:164,0
DA:165,0
DA:170,0
DA:172,0
DA:173,0
DA:174,0
DA:178,0
DA:179,0
DA:180,0
DA:183,1
DA:185,1
DA:186,2
DA:193,1
DA:194,4
DA:197,1
DA:198,1
DA:199,1
DA:200,4
DA:202,1
DA:208,5
DA:212,1
DA:214,1
DA:216,1
DA:217,3
DA:220,1
DA:222,1
DA:224,1
DA:226,1
DA:227,1
DA:232,1
DA:233,0
DA:235,1
DA:236,1
DA:237,1
DA:239,1
DA:241,1
DA:242,1
DA:243,1
DA:245,1
DA:246,0
DA:247,0
DA:250,0
DA:253,1
DA:258,1
DA:260,2
DA:261,1
DA:267,0
DA:274,1
DA:278,0
DA:286,0
DA:294,1
DA:296,1
DA:311,1
DA:313,1
DA:316,1
DA:318,0
DA:319,0
LF:124
LH:89
end_of_record
SF:lib\presentation\pages\tv_page_home.dart
DA:16,1
DA:17,1
DA:18,1
DA:22,1
DA:24,1
DA:25,2
DA:26,4
DA:27,4
DA:28,4
DA:32,1
DA:34,1
DA:35,1
DA:37,1
DA:38,1
DA:40,1
DA:41,1
DA:43,1
DA:45,1
DA:46,1
DA:47,1
DA:51,1
DA:52,1
DA:53,1
DA:54,1
DA:60,1
DA:63,1
DA:65,0
DA:68,1
DA:69,1
DA:70,1
DA:74,1
DA:75,1
DA:76,1
DA:77,1
DA:83,1
DA:86,1
DA:88,0
DA:91,1
DA:92,1
DA:93,1
DA:97,1
DA:98,1
DA:99,1
DA:100,1
DA:106,1
DA:116,1
DA:117,1
DA:119,1
DA:120,1
DA:122,1
DA:124,1
DA:126,1
DA:128,1
DA:141,2
DA:143,1
DA:145,1
DA:147,1
DA:149,1
DA:150,2
DA:151,1
DA:153,1
DA:154,0
DA:155,0
DA:158,0
DA:161,1
DA:163,1
DA:164,2
DA:165,1
DA:168,0
DA:174,2
LF:70
LH:64
end_of_record
SF:lib\presentation\pages\tv_page_top_rated.dart
DA:9,1
DA:11,1
DA:12,1
DA:16,1
DA:18,1
DA:19,2
DA:20,4
DA:23,1
DA:25,1
DA:26,1
DA:29,1
DA:31,1
DA:32,1
DA:33,1
DA:37,1
DA:38,0
DA:39,0
DA:40,0
DA:41,0
DA:42,0
DA:44,0
DA:47,1
DA:49,2
LF:23
LH:17
end_of_record
